<?xml version="1.0" encoding="UTF-8"?>
<testsuite xmlns:xsi="http://www.w3.org/2001/XMLSchema-instance" xsi:noNamespaceSchemaLocation="https://maven.apache.org/surefire/maven-surefire-plugin/xsd/surefire-test-report.xsd" version="3.0.2" name="com.yourcompany.ecommerce.EcommerceApplicationTests" time="10.418" tests="1" errors="0" skipped="0" failures="0">
  <properties>
[...]
</properties>
  <testcase name="contextLoads" classname="com.yourcompany.ecommerce.EcommerceApplicationTests" time="1.795">
    <system-out><![CDATA[12:24:47.484 [main] INFO org.springframework.test.context.support.AnnotationConfigContextLoaderUtils -- Could not detect default configuration classes for test class [com.yourcompany.ecommerce.EcommerceApplicationTests]: EcommerceApplicationTests does not declare any static, non-private, non-final, nested classes annotated with @Configuration.
12:24:47.675 [main] INFO org.springframework.boot.test.context.SpringBootTestContextBootstrapper -- Found @SpringBootConfiguration com.yourcompany.ecommerce.EcommerceApplication for test class com.yourcompany.ecommerce.EcommerceApplicationTests

  .   ____          _            __ _ _
 /\\ / ___'_ __ _ _(_)_ __  __ _ \ \ \ \
( ( )\___ | '_ | '_| | '_ \/ _` | \ \ \ \
 \\/  ___)| |_)| | | | | || (_| |  ) ) ) )
  '  |____| .__|_| |_|_| |_\__, | / / / /
 =========|_|==============|___/=/_/_/_/

 :: Spring Boot ::                (v3.4.0)

2025-03-07T12:24:48.319+05:30  INFO 3652 --- [ecommerce] [           main] c.y.ecommerce.EcommerceApplicationTests  : Starting EcommerceApplicationTests using Java 23.0.1 with PID 3652 (started by Admin in C:\Users\Admin\Desktop\Api)
2025-03-07T12:24:48.322+05:30  INFO 3652 --- [ecommerce] [           main] c.y.ecommerce.EcommerceApplicationTests  : No active profile set, falling back to 1 default profile: "default"
2025-03-07T12:24:49.890+05:30  INFO 3652 --- [ecommerce] [           main] .s.d.r.c.RepositoryConfigurationDelegate : Bootstrapping Spring Data MongoDB repositories in DEFAULT mode.
2025-03-07T12:24:50.023+05:30  INFO 3652 --- [ecommerce] [           main] .s.d.r.c.RepositoryConfigurationDelegate : Finished Spring Data repository scanning in 124 ms. Found 8 MongoDB repository interfaces.
2025-03-07T12:24:51.055+05:30  INFO 3652 --- [ecommerce] [           main] org.mongodb.driver.client                : MongoClient with metadata {"driver": {"name": "mongo-java-driver|sync|spring-boot", "version": "5.2.1"}, "os": {"type": "Windows", "name": "Windows 11", "architecture": "amd64", "version": "10.0"}, "platform": "Java/Oracle Corporation/23.0.1+11-39"} created with settings MongoClientSettings{readPreference=primary, writeConcern=WriteConcern{w=majority, wTimeout=null ms, journal=null}, retryWrites=true, retryReads=true, readConcern=ReadConcern{level=null}, credential=MongoCredential{mechanism=null, userName='lehara_', source='admin', password=<hidden>, mechanismProperties=<hidden>}, transportSettings=null, commandListeners=[io.micrometer.core.instrument.binder.mongodb.MongoMetricsCommandListener@4fd74223], codecRegistry=ProvidersCodecRegistry{codecProviders=[ValueCodecProvider{}, BsonValueCodecProvider{}, DBRefCodecProvider{}, DBObjectCodecProvider{}, DocumentCodecProvider{}, CollectionCodecProvider{}, IterableCodecProvider{}, MapCodecProvider{}, GeoJsonCodecProvider{}, GridFSFileCodecProvider{}, Jsr310CodecProvider{}, JsonObjectCodecProvider{}, BsonCodecProvider{}, EnumCodecProvider{}, com.mongodb.client.model.mql.ExpressionCodecProvider@4fea840f, com.mongodb.Jep395RecordCodecProvider@32ae8f27, com.mongodb.KotlinCodecProvider@75e80a97]}, loggerSettings=LoggerSettings{maxDocumentLength=1000}, clusterSettings={hosts=[127.0.0.1:27017], srvHost=cluster0.nquni.mongodb.net, srvServiceName=mongodb, mode=MULTIPLE, requiredClusterType=REPLICA_SET, requiredReplicaSetName='atlas-ku7022-shard-0', serverSelector='null', clusterListeners='[]', serverSelectionTimeout='30000 ms', localThreshold='15 ms'}, socketSettings=SocketSettings{connectTimeoutMS=10000, readTimeoutMS=0, receiveBufferSize=0, proxySettings=ProxySettings{host=null, port=null, username=null, password=null}}, heartbeatSocketSettings=SocketSettings{connectTimeoutMS=10000, readTimeoutMS=10000, receiveBufferSize=0, proxySettings=ProxySettings{host=null, port=null, username=null, password=null}}, connectionPoolSettings=ConnectionPoolSettings{maxSize=100, minSize=0, maxWaitTimeMS=120000, maxConnectionLifeTimeMS=0, maxConnectionIdleTimeMS=0, maintenanceInitialDelayMS=0, maintenanceFrequencyMS=60000, connectionPoolListeners=[io.micrometer.core.instrument.binder.mongodb.MongoMetricsConnectionPoolListener@5b8853], maxConnecting=2}, serverSettings=ServerSettings{heartbeatFrequencyMS=10000, minHeartbeatFrequencyMS=500, serverMonitoringMode=AUTO, serverListeners='[]', serverMonitorListeners='[]'}, sslSettings=SslSettings{enabled=true, invalidHostNameAllowed=false, context=null}, applicationName='null', compressorList=[], uuidRepresentation=JAVA_LEGACY, serverApi=null, autoEncryptionSettings=null, dnsClient=null, inetAddressResolver=null, contextProvider=null, timeoutMS=null}
2025-03-07T12:24:52.267+05:30  INFO 3652 --- [ecommerce] [uni.mongodb.net] org.mongodb.driver.cluster               : Adding discovered server cluster0-shard-00-01.nquni.mongodb.net:27017 to client view of cluster
2025-03-07T12:24:52.369+05:30  INFO 3652 --- [ecommerce] [uni.mongodb.net] org.mongodb.driver.cluster               : Adding discovered server cluster0-shard-00-00.nquni.mongodb.net:27017 to client view of cluster
2025-03-07T12:24:52.374+05:30  INFO 3652 --- [ecommerce] [uni.mongodb.net] org.mongodb.driver.cluster               : Adding discovered server cluster0-shard-00-02.nquni.mongodb.net:27017 to client view of cluster
2025-03-07T12:24:53.054+05:30  WARN 3652 --- [ecommerce] [           main] .s.s.UserDetailsServiceAutoConfiguration : 

Using generated security password: 0b8de6d5-edfc-4830-99e2-a3134c417e8c

This generated password is for development use only. Your security configuration must be updated before running your application in production.

2025-03-07T12:24:53.082+05:30  INFO 3652 --- [ecommerce] [           main] r$InitializeUserDetailsManagerConfigurer : Global AuthenticationManager configured with UserDetailsService bean with name inMemoryUserDetailsManager
2025-03-07T12:24:53.216+05:30  WARN 3652 --- [ecommerce] [           main] thorizationManagerRequestMatcherRegistry : One of the patterns in [user/**] is missing a leading slash. This is discouraged; please include the leading slash in all your request matcher patterns. In future versions of Spring Security, leaving out the leading slash will result in an exception.
2025-03-07T12:24:53.972+05:30  INFO 3652 --- [ecommerce] [           main] o.s.b.a.e.web.EndpointLinksResolver      : Exposing 1 endpoint beneath base path '/actuator'
2025-03-07T12:24:54.530+05:30  INFO 3652 --- [ecommerce] [ngodb.net:27017] org.mongodb.driver.cluster               : Monitor thread successfully connected to server with description ServerDescription{address=cluster0-shard-00-00.nquni.mongodb.net:27017, type=REPLICA_SET_SECONDARY, cryptd=false, state=CONNECTED, ok=true, minWireVersion=0, maxWireVersion=25, maxDocumentSize=16777216, logicalSessionTimeoutMinutes=30, roundTripTimeNanos=1609950100, minRoundTripTimeNanos=0, setName='atlas-ku7022-shard-0', canonicalAddress=cluster0-shard-00-00.nquni.mongodb.net:27017, hosts=[cluster0-shard-00-00.nquni.mongodb.net:27017, cluster0-shard-00-01.nquni.mongodb.net:27017, cluster0-shard-00-02.nquni.mongodb.net:27017], passives=[], arbiters=[], primary='cluster0-shard-00-01.nquni.mongodb.net:27017', tagSet=TagSet{[Tag{name='availabilityZone', value='aps1-az1'}, Tag{name='diskState', value='READY'}, Tag{name='nodeType', value='ELECTABLE'}, Tag{name='provider', value='AWS'}, Tag{name='region', value='AP_SOUTH_1'}, Tag{name='workloadType', value='OPERATIONAL'}]}, electionId=null, setVersion=1, topologyVersion=TopologyVersion{processId=67c60a9aa13f1b644865a0ba, counter=4}, lastWriteDate=Fri Mar 07 12:24:52 IST 2025, lastUpdateTimeNanos=216811788403300}
2025-03-07T12:24:54.530+05:30  INFO 3652 --- [ecommerce] [ngodb.net:27017] org.mongodb.driver.cluster               : Monitor thread successfully connected to server with description ServerDescription{address=cluster0-shard-00-01.nquni.mongodb.net:27017, type=REPLICA_SET_PRIMARY, cryptd=false, state=CONNECTED, ok=true, minWireVersion=0, maxWireVersion=25, maxDocumentSize=16777216, logicalSessionTimeoutMinutes=30, roundTripTimeNanos=1609935700, minRoundTripTimeNanos=0, setName='atlas-ku7022-shard-0', canonicalAddress=cluster0-shard-00-01.nquni.mongodb.net:27017, hosts=[cluster0-shard-00-00.nquni.mongodb.net:27017, cluster0-shard-00-01.nquni.mongodb.net:27017, cluster0-shard-00-02.nquni.mongodb.net:27017], passives=[], arbiters=[], primary='cluster0-shard-00-01.nquni.mongodb.net:27017', tagSet=TagSet{[Tag{name='availabilityZone', value='aps1-az3'}, Tag{name='diskState', value='READY'}, Tag{name='nodeType', value='ELECTABLE'}, Tag{name='provider', value='AWS'}, Tag{name='region', value='AP_SOUTH_1'}, Tag{name='workloadType', value='OPERATIONAL'}]}, electionId=7fffffff0000000000000024, setVersion=1, topologyVersion=TopologyVersion{processId=67c60ad50881916b1553ea53, counter=6}, lastWriteDate=Fri Mar 07 12:24:52 IST 2025, lastUpdateTimeNanos=216811788379900}
2025-03-07T12:24:54.531+05:30  INFO 3652 --- [ecommerce] [ngodb.net:27017] org.mongodb.driver.cluster               : Monitor thread successfully connected to server with description ServerDescription{address=cluster0-shard-00-02.nquni.mongodb.net:27017, type=REPLICA_SET_SECONDARY, cryptd=false, state=CONNECTED, ok=true, minWireVersion=0, maxWireVersion=25, maxDocumentSize=16777216, logicalSessionTimeoutMinutes=30, roundTripTimeNanos=1609930900, minRoundTripTimeNanos=0, setName='atlas-ku7022-shard-0', canonicalAddress=cluster0-shard-00-02.nquni.mongodb.net:27017, hosts=[cluster0-shard-00-00.nquni.mongodb.net:27017, cluster0-shard-00-01.nquni.mongodb.net:27017, cluster0-shard-00-02.nquni.mongodb.net:27017], passives=[], arbiters=[], primary='cluster0-shard-00-01.nquni.mongodb.net:27017', tagSet=TagSet{[Tag{name='availabilityZone', value='aps1-az2'}, Tag{name='diskState', value='READY'}, Tag{name='nodeType', value='ELECTABLE'}, Tag{name='provider', value='AWS'}, Tag{name='region', value='AP_SOUTH_1'}, Tag{name='workloadType', value='OPERATIONAL'}]}, electionId=null, setVersion=1, topologyVersion=TopologyVersion{processId=67c60b0f8cee586290b2cbb0, counter=3}, lastWriteDate=Fri Mar 07 12:24:52 IST 2025, lastUpdateTimeNanos=216811788410900}
2025-03-07T12:24:54.547+05:30  INFO 3652 --- [ecommerce] [ngodb.net:27017] org.mongodb.driver.cluster               : Discovered replica set primary cluster0-shard-00-01.nquni.mongodb.net:27017 with max election id 7fffffff0000000000000024 and max set version 1
2025-03-07T12:24:55.322+05:30  INFO 3652 --- [ecommerce] [           main] c.y.ecommerce.EcommerceApplicationTests  : Started EcommerceApplicationTests in 7.431 seconds (process running for 9.015)
]]></system-out>
    <system-err><![CDATA[Mockito is currently self-attaching to enable the inline-mock-maker. This will no longer work in future releases of the JDK. Please add Mockito as an agent to your build what is described in Mockito's documentation: https://javadoc.io/doc/org.mockito/mockito-core/latest/org/mockito/Mockito.html#0.3
WARNING: A Java agent has been loaded dynamically (C:\Users\Admin\.m2\repository\net\bytebuddy\byte-buddy-agent\1.15.10\byte-buddy-agent-1.15.10.jar)
WARNING: If a serviceability tool is in use, please run with -XX:+EnableDynamicAgentLoading to hide this warning
WARNING: If a serviceability tool is not in use, please run with -Djdk.instrument.traceUsage for more information
WARNING: Dynamic loading of agents will be disallowed by default in a future release
]]></system-err>
  </testcase>
</testsuite>